This Exception  Happen ( syntax error, unexpected '}' ) at File ( C:\wamp64\www\Seshat\private\App\Commands\SeshatCommand.php )  at Line (78) (#0 C:\wamp64\www\Seshat\private\vendor\composer\ClassLoader.php(322): Composer\Autoload\includeFile('C:\\wamp64\\www\\S...')
#1 [internal function]: Composer\Autoload\ClassLoader->loadClass('App\\Commands\\Se...')
#2 C:\wamp64\www\Seshat\private\App\Framework\Shared\CommandFactory.php(20): spl_autoload_call('App\\Commands\\Se...')
#3 C:\wamp64\www\Seshat\private\App\DomainHelper\ControllerHelper\SeshatHelper.php(97): Framework\Shared\CommandFactory::getCommand('Seshat')
#4 C:\wamp64\www\Seshat\private\App\Controller\Seshat.php(30): App\DomainHelper\ControllerHelper\SeshatHelper::account(Object(App\Controller\Seshat))
#5 C:\wamp64\www\Seshat\private\App\Framework\Shared\Controller.php(101): App\Controller\Seshat->accountAction(Array)
#6 C:\wamp64\www\Seshat\private\App\Framework\Shared\Controller.php(69): Framework\Shared\Controller->methodToCall('accountAction', Array)
#7 C:\wamp64\www\Seshat\private\App\Router\Router.php(99): Framework\Shared\Controller->findIt(Array)
#8 C:\wamp64\www\Seshat\private\App\Router\Router.php(80): App\Router\Router->__pass(Array)
#9 C:\wamp64\www\Seshat\index.php(15): App\Router\Router->dispatch()
#10 {main})From Ip: 127.0.0.1  His\Her ID:  Anoyoumus User Create This Error   His\Her UserName :  Can Not Detect The User Name That Cause This Error 
This Exception  Happen ( syntax error, unexpected '}' ) at File ( C:\wamp64\www\Seshat\private\App\Commands\SeshatCommand.php )  at Line (78) (#0 C:\wamp64\www\Seshat\private\vendor\composer\ClassLoader.php(322): Composer\Autoload\includeFile('C:\\wamp64\\www\\S...')
#1 [internal function]: Composer\Autoload\ClassLoader->loadClass('App\\Commands\\Se...')
#2 C:\wamp64\www\Seshat\private\App\Framework\Shared\CommandFactory.php(20): spl_autoload_call('App\\Commands\\Se...')
#3 C:\wamp64\www\Seshat\private\App\DomainHelper\ControllerHelper\SeshatHelper.php(97): Framework\Shared\CommandFactory::getCommand('Seshat')
#4 C:\wamp64\www\Seshat\private\App\Controller\Seshat.php(30): App\DomainHelper\ControllerHelper\SeshatHelper::account(Object(App\Controller\Seshat))
#5 C:\wamp64\www\Seshat\private\App\Framework\Shared\Controller.php(101): App\Controller\Seshat->accountAction(Array)
#6 C:\wamp64\www\Seshat\private\App\Framework\Shared\Controller.php(69): Framework\Shared\Controller->methodToCall('accountAction', Array)
#7 C:\wamp64\www\Seshat\private\App\Router\Router.php(99): Framework\Shared\Controller->findIt(Array)
#8 C:\wamp64\www\Seshat\private\App\Router\Router.php(80): App\Router\Router->__pass(Array)
#9 C:\wamp64\www\Seshat\index.php(15): App\Router\Router->dispatch()
#10 {main})From Ip: 127.0.0.1  His\Her ID:  Anoyoumus User Create This Error   His\Her UserName :  Can Not Detect The User Name That Cause This Error 
